<?xml version="1.0" encoding="UTF-8"?>
<!-- Generated by org.testng.reporters.JUnitReportReporter -->
<testsuite hostname="AmitsPC" failures="0" tests="1" name="testCases.TC002_LoginTest" time="1.259" errors="0" timestamp="2025-05-31T14:42:39 IST" skipped="0">
  <testcase classname="testCases.TC002_LoginTest" name="verify_login" time="1.259"/>
</testsuite> <!-- testCases.TC002_LoginTest -->
