<?xml version="1.0" encoding="UTF-8"?>
<!-- Generated by org.testng.reporters.JUnitReportReporter -->
<testsuite hostname="AmitsPC" failures="0" tests="1" name="testCases.TC001_AccountRegistrationTest" time="1.733" errors="0" timestamp="2025-05-31T14:42:39 IST" skipped="0">
  <testcase classname="testCases.TC001_AccountRegistrationTest" name="verify_account_registration" time="1.733"/>
</testsuite> <!-- testCases.TC001_AccountRegistrationTest -->
